[2025-05-17 05:44:32Z INFO HostContext] No proxy settings were found based on environmental variables (http_proxy/https_proxy/HTTP_PROXY/HTTPS_PROXY)
[2025-05-17 05:44:32Z INFO HostContext] Well known directory 'Bin': '/projects/todolist/actions-runner/bin'
[2025-05-17 05:44:32Z INFO HostContext] Well known directory 'Root': '/projects/todolist/actions-runner'
[2025-05-17 05:44:32Z INFO HostContext] Well known config file 'Credentials': '/projects/todolist/actions-runner/.credentials'
[2025-05-17 05:44:32Z INFO HostContext] Well known directory 'Bin': '/projects/todolist/actions-runner/bin'
[2025-05-17 05:44:32Z INFO HostContext] Well known directory 'Root': '/projects/todolist/actions-runner'
[2025-05-17 05:44:32Z INFO HostContext] Well known config file 'Runner': '/projects/todolist/actions-runner/.runner'
[2025-05-17 05:44:32Z INFO Listener] Runner is built for Linux (X64) - linux-x64.
[2025-05-17 05:44:32Z INFO Listener] RuntimeInformation: Ubuntu 24.04.2 LTS.
[2025-05-17 05:44:32Z INFO Listener] Version: 2.324.0
[2025-05-17 05:44:32Z INFO Listener] Commit: da3412efd49b1cf1a0fbdcbcee4e4ac4cc2177c8
[2025-05-17 05:44:32Z INFO Listener] Culture: en-US
[2025-05-17 05:44:32Z INFO Listener] UI Culture: en-US
[2025-05-17 05:44:32Z INFO HostContext] Well known directory 'Bin': '/projects/todolist/actions-runner/bin'
[2025-05-17 05:44:32Z INFO HostContext] Well known directory 'Root': '/projects/todolist/actions-runner'
[2025-05-17 05:44:32Z INFO Listener] Validating directory permissions for: '/projects/todolist/actions-runner'
[2025-05-17 05:44:32Z INFO CommandLineParser] Parse
[2025-05-17 05:44:32Z INFO CommandLineParser] Parsing 1 args
[2025-05-17 05:44:32Z INFO CommandLineParser] parsing argument
[2025-05-17 05:44:32Z INFO CommandLineParser] HasArgs: False
[2025-05-17 05:44:32Z INFO CommandLineParser] Adding Command: run
[2025-05-17 05:44:32Z INFO Listener] Arguments parsed
[2025-05-17 05:44:32Z INFO Runner] ExecuteCommand
[2025-05-17 05:44:32Z INFO ConfigurationStore] currentAssemblyLocation: /projects/todolist/actions-runner/bin/Runner.Listener.dll
[2025-05-17 05:44:32Z INFO HostContext] Well known directory 'Bin': '/projects/todolist/actions-runner/bin'
[2025-05-17 05:44:32Z INFO ConfigurationStore] binPath: /projects/todolist/actions-runner/bin
[2025-05-17 05:44:32Z INFO HostContext] Well known directory 'Bin': '/projects/todolist/actions-runner/bin'
[2025-05-17 05:44:32Z INFO HostContext] Well known directory 'Root': '/projects/todolist/actions-runner'
[2025-05-17 05:44:32Z INFO ConfigurationStore] RootFolder: /projects/todolist/actions-runner
[2025-05-17 05:44:32Z INFO HostContext] Well known directory 'Bin': '/projects/todolist/actions-runner/bin'
[2025-05-17 05:44:32Z INFO HostContext] Well known directory 'Root': '/projects/todolist/actions-runner'
[2025-05-17 05:44:32Z INFO HostContext] Well known config file 'Runner': '/projects/todolist/actions-runner/.runner'
[2025-05-17 05:44:32Z INFO ConfigurationStore] ConfigFilePath: /projects/todolist/actions-runner/.runner
[2025-05-17 05:44:32Z INFO HostContext] Well known directory 'Bin': '/projects/todolist/actions-runner/bin'
[2025-05-17 05:44:32Z INFO HostContext] Well known directory 'Root': '/projects/todolist/actions-runner'
[2025-05-17 05:44:32Z INFO HostContext] Well known config file 'MigratedRunner': '/projects/todolist/actions-runner/.runner_migrated'
[2025-05-17 05:44:32Z INFO ConfigurationStore] MigratedConfigFilePath: /projects/todolist/actions-runner/.runner_migrated
[2025-05-17 05:44:32Z INFO HostContext] Well known directory 'Bin': '/projects/todolist/actions-runner/bin'
[2025-05-17 05:44:32Z INFO HostContext] Well known directory 'Root': '/projects/todolist/actions-runner'
[2025-05-17 05:44:32Z INFO HostContext] Well known config file 'Credentials': '/projects/todolist/actions-runner/.credentials'
[2025-05-17 05:44:32Z INFO ConfigurationStore] CredFilePath: /projects/todolist/actions-runner/.credentials
[2025-05-17 05:44:32Z INFO HostContext] Well known directory 'Bin': '/projects/todolist/actions-runner/bin'
[2025-05-17 05:44:32Z INFO HostContext] Well known directory 'Root': '/projects/todolist/actions-runner'
[2025-05-17 05:44:32Z INFO HostContext] Well known config file 'MigratedCredentials': '/projects/todolist/actions-runner/.credentials_migrated'
[2025-05-17 05:44:32Z INFO ConfigurationStore] MigratedCredFilePath: /projects/todolist/actions-runner/.credentials_migrated
[2025-05-17 05:44:32Z INFO HostContext] Well known directory 'Bin': '/projects/todolist/actions-runner/bin'
[2025-05-17 05:44:32Z INFO HostContext] Well known directory 'Root': '/projects/todolist/actions-runner'
[2025-05-17 05:44:32Z INFO HostContext] Well known config file 'Service': '/projects/todolist/actions-runner/.service'
[2025-05-17 05:44:32Z INFO ConfigurationStore] ServiceConfigFilePath: /projects/todolist/actions-runner/.service
[2025-05-17 05:44:32Z INFO CommandSettings] Flag 'help': 'False'
[2025-05-17 05:44:32Z INFO CommandSettings] Flag 'version': 'False'
[2025-05-17 05:44:32Z INFO CommandSettings] Flag 'commit': 'False'
[2025-05-17 05:44:32Z INFO CommandSettings] Flag 'check': 'False'
[2025-05-17 05:44:32Z INFO CommandSettings] Command 'configure': 'False'
[2025-05-17 05:44:32Z INFO CommandSettings] Command 'remove': 'False'
[2025-05-17 05:44:32Z INFO CommandSettings] Command 'warmup': 'False'
[2025-05-17 05:44:32Z INFO ConfigurationManager] LoadSettings
[2025-05-17 05:44:32Z INFO ConfigurationStore] IsConfigured()
[2025-05-17 05:44:32Z INFO ConfigurationStore] IsConfigured: True
[2025-05-17 05:44:32Z INFO ConfigurationManager] Is configured: True
[2025-05-17 05:44:32Z INFO ConfigurationStore] Read setting file: 315 chars
[2025-05-17 05:44:32Z INFO ConfigurationManager] Settings Loaded
[2025-05-17 05:44:32Z INFO ConfigurationStore] IsServiceConfigured()
[2025-05-17 05:44:32Z INFO ConfigurationStore] IsServiceConfigured: False
[2025-05-17 05:44:32Z INFO CommandSettings] Command 'run': 'True'
[2025-05-17 05:44:32Z INFO ConfigurationStore] IsConfigured()
[2025-05-17 05:44:32Z INFO ConfigurationStore] IsConfigured: True
[2025-05-17 05:44:32Z INFO ConfigurationManager] Is configured: True
[2025-05-17 05:44:32Z INFO Runner] Could not parse the argument value '' for StartupType. Defaulting to Manual
[2025-05-17 05:44:32Z INFO Runner] Set runner startup type - Manual
[2025-05-17 05:44:32Z INFO CommandSettings] Flag 'once': 'False'
[2025-05-17 05:44:32Z INFO CommandSettings] Flag 'once': 'False'
[2025-05-17 05:44:32Z INFO Runner] RunAsync
[2025-05-17 05:44:32Z INFO ConfigurationManager] LoadMigratedSettings
[2025-05-17 05:44:32Z INFO ConfigurationStore] IsMigratedConfigured()
[2025-05-17 05:44:32Z INFO ConfigurationStore] IsMigratedConfigured: False
[2025-05-17 05:44:32Z INFO Runner] Failed to load migrated settings: No migrated configuration found.
[2025-05-17 05:44:32Z INFO Runner] Falling back to original .runner settings
[2025-05-17 05:44:32Z INFO ConfigurationManager] LoadSettings
[2025-05-17 05:44:32Z INFO ConfigurationStore] IsConfigured()
[2025-05-17 05:44:32Z INFO ConfigurationStore] IsConfigured: True
[2025-05-17 05:44:32Z INFO ConfigurationManager] Is configured: True
[2025-05-17 05:44:32Z INFO ConfigurationManager] Settings Loaded
[2025-05-17 05:44:32Z INFO MessageListener] {
  "AgentId": 2,
  "AgentName": "ubuntu-server",
  "PoolId": 1,
  "PoolName": "Default",
  "ServerUrl": "https://pipelinesghubeus15.actions.githubusercontent.com/VJdsDwlBD71ky2uL4dUGtKlXDHYYqOvpJIhIvQUHHlGBOsdZ0l/",
  "GitHubUrl": "https://github.com/Hungdev21/vietnam-is-awesome-devops",
  "WorkFolder": "_work"
}
[2025-05-17 05:44:32Z INFO MessageListener] Loading Credentials
[2025-05-17 05:44:32Z INFO ConfigurationStore] HasCredentials()
[2025-05-17 05:44:32Z INFO ConfigurationStore] stored True
[2025-05-17 05:44:32Z INFO CredentialManager] GetCredentialProvider
[2025-05-17 05:44:32Z INFO CredentialManager] Creating type OAuth
[2025-05-17 05:44:32Z INFO CredentialManager] Creating credential type: OAuth
[2025-05-17 05:44:32Z INFO HostContext] Well known directory 'Bin': '/projects/todolist/actions-runner/bin'
[2025-05-17 05:44:32Z INFO HostContext] Well known directory 'Root': '/projects/todolist/actions-runner'
[2025-05-17 05:44:32Z INFO HostContext] Well known config file 'RSACredentials': '/projects/todolist/actions-runner/.credentials_rsaparams'
[2025-05-17 05:44:32Z INFO RSAFileKeyManager] Loading RSA key parameters from file /projects/todolist/actions-runner/.credentials_rsaparams
[2025-05-17 05:44:32Z INFO MessageListener] Attempt to create session.
[2025-05-17 05:44:32Z INFO MessageListener] Connecting to the Runner Server...
[2025-05-17 05:44:32Z INFO RunnerServer] EstablishVssConnection
[2025-05-17 05:44:32Z INFO RunnerServer] Establish connection with 100 seconds timeout.
[2025-05-17 05:44:32Z INFO GitHubActionsService] Starting operation Location.GetConnectionData
[2025-05-17 05:44:32Z INFO RunnerServer] EstablishVssConnection
[2025-05-17 05:44:32Z INFO RunnerServer] Establish connection with 60 seconds timeout.
[2025-05-17 05:44:32Z INFO GitHubActionsService] Starting operation Location.GetConnectionData
[2025-05-17 05:44:32Z INFO RunnerServer] EstablishVssConnection
[2025-05-17 05:44:32Z INFO RunnerServer] Establish connection with 60 seconds timeout.
[2025-05-17 05:44:32Z INFO GitHubActionsService] Starting operation Location.GetConnectionData
[2025-05-17 05:44:34Z INFO GitHubActionsService] Finished operation Location.GetConnectionData
[2025-05-17 05:44:34Z INFO GitHubActionsService] Finished operation Location.GetConnectionData
[2025-05-17 05:44:34Z INFO GitHubActionsService] Finished operation Location.GetConnectionData
[2025-05-17 05:44:34Z INFO MessageListener] VssConnection created
[2025-05-17 05:44:34Z INFO Terminal] WRITE LINE: 
[2025-05-17 05:44:34Z INFO Terminal] WRITE LINE: 
[2025-05-17 05:44:34Z INFO RSAFileKeyManager] Loading RSA key parameters from file /projects/todolist/actions-runner/.credentials_rsaparams
[2025-05-17 05:44:34Z INFO RSAFileKeyManager] Loading RSA key parameters from file /projects/todolist/actions-runner/.credentials_rsaparams
[2025-05-17 05:44:36Z INFO GitHubActionsService] AAD Correlation ID for this token request: Unknown
[2025-05-17 05:44:36Z INFO MessageListener] Session created.
[2025-05-17 05:44:36Z INFO MessageListener] Registering AuthMigrationChanged event handler.
[2025-05-17 05:44:36Z INFO Terminal] WRITE LINE: Current runner version: '2.324.0'
[2025-05-17 05:44:36Z INFO Terminal] WRITE LINE: 2025-05-17 05:44:36Z: Listening for Jobs
[2025-05-17 05:44:36Z INFO JobDispatcher] Set runner/worker IPC timeout to 30 seconds.
[2025-05-17 05:44:37Z INFO ConfigurationStore] HasCredentials()
[2025-05-17 05:44:37Z INFO ConfigurationStore] stored True
[2025-05-17 05:44:37Z INFO CredentialManager] GetCredentialProvider
[2025-05-17 05:44:37Z INFO CredentialManager] Creating type OAuth
[2025-05-17 05:44:37Z INFO CredentialManager] Creating credential type: OAuth
[2025-05-17 05:44:37Z INFO RSAFileKeyManager] Loading RSA key parameters from file /projects/todolist/actions-runner/.credentials_rsaparams
[2025-05-17 05:44:37Z INFO RSAFileKeyManager] Loading RSA key parameters from file /projects/todolist/actions-runner/.credentials_rsaparams
[2025-05-17 05:44:37Z INFO RSAFileKeyManager] Loading RSA key parameters from file /projects/todolist/actions-runner/.credentials_rsaparams
[2025-05-17 05:44:38Z INFO GitHubActionsService] AAD Correlation ID for this token request: Unknown
[2025-05-17 05:45:30Z INFO ConfigurationStore] HasCredentials()
[2025-05-17 05:45:30Z INFO ConfigurationStore] stored True
[2025-05-17 05:45:30Z INFO CredentialManager] GetCredentialProvider
[2025-05-17 05:45:30Z INFO CredentialManager] Creating type OAuth
[2025-05-17 05:45:30Z INFO CredentialManager] Creating credential type: OAuth
[2025-05-17 05:45:30Z INFO RSAFileKeyManager] Loading RSA key parameters from file /projects/todolist/actions-runner/.credentials_rsaparams
[2025-05-17 05:46:21Z INFO ConfigurationStore] HasCredentials()
[2025-05-17 05:46:21Z INFO ConfigurationStore] stored True
[2025-05-17 05:46:21Z INFO CredentialManager] GetCredentialProvider
[2025-05-17 05:46:21Z INFO CredentialManager] Creating type OAuth
[2025-05-17 05:46:21Z INFO CredentialManager] Creating credential type: OAuth
[2025-05-17 05:46:21Z INFO RSAFileKeyManager] Loading RSA key parameters from file /projects/todolist/actions-runner/.credentials_rsaparams
[2025-05-17 05:47:12Z INFO ConfigurationStore] HasCredentials()
[2025-05-17 05:47:12Z INFO ConfigurationStore] stored True
[2025-05-17 05:47:12Z INFO CredentialManager] GetCredentialProvider
[2025-05-17 05:47:12Z INFO CredentialManager] Creating type OAuth
[2025-05-17 05:47:12Z INFO CredentialManager] Creating credential type: OAuth
[2025-05-17 05:47:12Z INFO RSAFileKeyManager] Loading RSA key parameters from file /projects/todolist/actions-runner/.credentials_rsaparams
[2025-05-17 05:48:03Z INFO ConfigurationStore] HasCredentials()
[2025-05-17 05:48:03Z INFO ConfigurationStore] stored True
[2025-05-17 05:48:03Z INFO CredentialManager] GetCredentialProvider
[2025-05-17 05:48:03Z INFO CredentialManager] Creating type OAuth
[2025-05-17 05:48:03Z INFO CredentialManager] Creating credential type: OAuth
[2025-05-17 05:48:03Z INFO RSAFileKeyManager] Loading RSA key parameters from file /projects/todolist/actions-runner/.credentials_rsaparams
[2025-05-17 05:48:54Z INFO ConfigurationStore] HasCredentials()
[2025-05-17 05:48:54Z INFO ConfigurationStore] stored True
[2025-05-17 05:48:54Z INFO CredentialManager] GetCredentialProvider
[2025-05-17 05:48:54Z INFO CredentialManager] Creating type OAuth
[2025-05-17 05:48:54Z INFO CredentialManager] Creating credential type: OAuth
[2025-05-17 05:48:54Z INFO RSAFileKeyManager] Loading RSA key parameters from file /projects/todolist/actions-runner/.credentials_rsaparams
[2025-05-17 05:49:45Z INFO ConfigurationStore] HasCredentials()
[2025-05-17 05:49:45Z INFO ConfigurationStore] stored True
[2025-05-17 05:49:45Z INFO CredentialManager] GetCredentialProvider
[2025-05-17 05:49:45Z INFO CredentialManager] Creating type OAuth
[2025-05-17 05:49:45Z INFO CredentialManager] Creating credential type: OAuth
[2025-05-17 05:49:45Z INFO RSAFileKeyManager] Loading RSA key parameters from file /projects/todolist/actions-runner/.credentials_rsaparams
[2025-05-17 05:50:37Z INFO ConfigurationStore] HasCredentials()
[2025-05-17 05:50:37Z INFO ConfigurationStore] stored True
[2025-05-17 05:50:37Z INFO CredentialManager] GetCredentialProvider
[2025-05-17 05:50:37Z INFO CredentialManager] Creating type OAuth
[2025-05-17 05:50:37Z INFO CredentialManager] Creating credential type: OAuth
[2025-05-17 05:50:37Z INFO RSAFileKeyManager] Loading RSA key parameters from file /projects/todolist/actions-runner/.credentials_rsaparams
[2025-05-17 05:51:28Z INFO ConfigurationStore] HasCredentials()
[2025-05-17 05:51:28Z INFO ConfigurationStore] stored True
[2025-05-17 05:51:28Z INFO CredentialManager] GetCredentialProvider
[2025-05-17 05:51:28Z INFO CredentialManager] Creating type OAuth
[2025-05-17 05:51:28Z INFO CredentialManager] Creating credential type: OAuth
[2025-05-17 05:51:28Z INFO RSAFileKeyManager] Loading RSA key parameters from file /projects/todolist/actions-runner/.credentials_rsaparams
[2025-05-17 05:52:19Z INFO ConfigurationStore] HasCredentials()
[2025-05-17 05:52:19Z INFO ConfigurationStore] stored True
[2025-05-17 05:52:19Z INFO CredentialManager] GetCredentialProvider
[2025-05-17 05:52:19Z INFO CredentialManager] Creating type OAuth
[2025-05-17 05:52:19Z INFO CredentialManager] Creating credential type: OAuth
[2025-05-17 05:52:19Z INFO RSAFileKeyManager] Loading RSA key parameters from file /projects/todolist/actions-runner/.credentials_rsaparams
[2025-05-17 05:53:10Z INFO ConfigurationStore] HasCredentials()
[2025-05-17 05:53:10Z INFO ConfigurationStore] stored True
[2025-05-17 05:53:10Z INFO CredentialManager] GetCredentialProvider
[2025-05-17 05:53:10Z INFO CredentialManager] Creating type OAuth
[2025-05-17 05:53:10Z INFO CredentialManager] Creating credential type: OAuth
[2025-05-17 05:53:10Z INFO RSAFileKeyManager] Loading RSA key parameters from file /projects/todolist/actions-runner/.credentials_rsaparams
[2025-05-17 05:54:01Z INFO ConfigurationStore] HasCredentials()
[2025-05-17 05:54:01Z INFO ConfigurationStore] stored True
[2025-05-17 05:54:01Z INFO CredentialManager] GetCredentialProvider
[2025-05-17 05:54:01Z INFO CredentialManager] Creating type OAuth
[2025-05-17 05:54:01Z INFO CredentialManager] Creating credential type: OAuth
[2025-05-17 05:54:01Z INFO RSAFileKeyManager] Loading RSA key parameters from file /projects/todolist/actions-runner/.credentials_rsaparams
[2025-05-17 05:54:52Z INFO ConfigurationStore] HasCredentials()
[2025-05-17 05:54:52Z INFO ConfigurationStore] stored True
[2025-05-17 05:54:52Z INFO CredentialManager] GetCredentialProvider
[2025-05-17 05:54:52Z INFO CredentialManager] Creating type OAuth
[2025-05-17 05:54:52Z INFO CredentialManager] Creating credential type: OAuth
[2025-05-17 05:54:52Z INFO RSAFileKeyManager] Loading RSA key parameters from file /projects/todolist/actions-runner/.credentials_rsaparams
[2025-05-17 05:55:44Z INFO ConfigurationStore] HasCredentials()
[2025-05-17 05:55:44Z INFO ConfigurationStore] stored True
[2025-05-17 05:55:44Z INFO CredentialManager] GetCredentialProvider
[2025-05-17 05:55:44Z INFO CredentialManager] Creating type OAuth
[2025-05-17 05:55:44Z INFO CredentialManager] Creating credential type: OAuth
[2025-05-17 05:55:44Z INFO RSAFileKeyManager] Loading RSA key parameters from file /projects/todolist/actions-runner/.credentials_rsaparams
[2025-05-17 05:56:35Z INFO ConfigurationStore] HasCredentials()
[2025-05-17 05:56:35Z INFO ConfigurationStore] stored True
[2025-05-17 05:56:35Z INFO CredentialManager] GetCredentialProvider
[2025-05-17 05:56:35Z INFO CredentialManager] Creating type OAuth
[2025-05-17 05:56:35Z INFO CredentialManager] Creating credential type: OAuth
[2025-05-17 05:56:35Z INFO RSAFileKeyManager] Loading RSA key parameters from file /projects/todolist/actions-runner/.credentials_rsaparams
[2025-05-17 05:57:26Z INFO ConfigurationStore] HasCredentials()
[2025-05-17 05:57:26Z INFO ConfigurationStore] stored True
[2025-05-17 05:57:26Z INFO CredentialManager] GetCredentialProvider
[2025-05-17 05:57:26Z INFO CredentialManager] Creating type OAuth
[2025-05-17 05:57:26Z INFO CredentialManager] Creating credential type: OAuth
[2025-05-17 05:57:26Z INFO RSAFileKeyManager] Loading RSA key parameters from file /projects/todolist/actions-runner/.credentials_rsaparams
[2025-05-17 05:58:17Z INFO ConfigurationStore] HasCredentials()
[2025-05-17 05:58:17Z INFO ConfigurationStore] stored True
[2025-05-17 05:58:17Z INFO CredentialManager] GetCredentialProvider
[2025-05-17 05:58:17Z INFO CredentialManager] Creating type OAuth
[2025-05-17 05:58:17Z INFO CredentialManager] Creating credential type: OAuth
[2025-05-17 05:58:17Z INFO RSAFileKeyManager] Loading RSA key parameters from file /projects/todolist/actions-runner/.credentials_rsaparams
[2025-05-17 05:59:08Z INFO ConfigurationStore] HasCredentials()
[2025-05-17 05:59:08Z INFO ConfigurationStore] stored True
[2025-05-17 05:59:08Z INFO CredentialManager] GetCredentialProvider
[2025-05-17 05:59:08Z INFO CredentialManager] Creating type OAuth
[2025-05-17 05:59:08Z INFO CredentialManager] Creating credential type: OAuth
[2025-05-17 05:59:08Z INFO RSAFileKeyManager] Loading RSA key parameters from file /projects/todolist/actions-runner/.credentials_rsaparams
[2025-05-17 05:59:59Z INFO ConfigurationStore] HasCredentials()
[2025-05-17 05:59:59Z INFO ConfigurationStore] stored True
[2025-05-17 05:59:59Z INFO CredentialManager] GetCredentialProvider
[2025-05-17 05:59:59Z INFO CredentialManager] Creating type OAuth
[2025-05-17 05:59:59Z INFO CredentialManager] Creating credential type: OAuth
[2025-05-17 05:59:59Z INFO RSAFileKeyManager] Loading RSA key parameters from file /projects/todolist/actions-runner/.credentials_rsaparams
[2025-05-17 06:00:51Z INFO ConfigurationStore] HasCredentials()
[2025-05-17 06:00:51Z INFO ConfigurationStore] stored True
[2025-05-17 06:00:51Z INFO CredentialManager] GetCredentialProvider
[2025-05-17 06:00:51Z INFO CredentialManager] Creating type OAuth
[2025-05-17 06:00:51Z INFO CredentialManager] Creating credential type: OAuth
[2025-05-17 06:00:51Z INFO RSAFileKeyManager] Loading RSA key parameters from file /projects/todolist/actions-runner/.credentials_rsaparams
[2025-05-17 06:01:42Z INFO ConfigurationStore] HasCredentials()
[2025-05-17 06:01:42Z INFO ConfigurationStore] stored True
[2025-05-17 06:01:42Z INFO CredentialManager] GetCredentialProvider
[2025-05-17 06:01:42Z INFO CredentialManager] Creating type OAuth
[2025-05-17 06:01:42Z INFO CredentialManager] Creating credential type: OAuth
[2025-05-17 06:01:42Z INFO RSAFileKeyManager] Loading RSA key parameters from file /projects/todolist/actions-runner/.credentials_rsaparams
[2025-05-17 06:02:33Z INFO ConfigurationStore] HasCredentials()
[2025-05-17 06:02:33Z INFO ConfigurationStore] stored True
[2025-05-17 06:02:33Z INFO CredentialManager] GetCredentialProvider
[2025-05-17 06:02:33Z INFO CredentialManager] Creating type OAuth
[2025-05-17 06:02:33Z INFO CredentialManager] Creating credential type: OAuth
[2025-05-17 06:02:33Z INFO RSAFileKeyManager] Loading RSA key parameters from file /projects/todolist/actions-runner/.credentials_rsaparams
[2025-05-17 06:03:24Z INFO ConfigurationStore] HasCredentials()
[2025-05-17 06:03:24Z INFO ConfigurationStore] stored True
[2025-05-17 06:03:24Z INFO CredentialManager] GetCredentialProvider
[2025-05-17 06:03:24Z INFO CredentialManager] Creating type OAuth
[2025-05-17 06:03:24Z INFO CredentialManager] Creating credential type: OAuth
[2025-05-17 06:03:24Z INFO RSAFileKeyManager] Loading RSA key parameters from file /projects/todolist/actions-runner/.credentials_rsaparams
[2025-05-17 06:04:15Z INFO ConfigurationStore] HasCredentials()
[2025-05-17 06:04:15Z INFO ConfigurationStore] stored True
[2025-05-17 06:04:15Z INFO CredentialManager] GetCredentialProvider
[2025-05-17 06:04:15Z INFO CredentialManager] Creating type OAuth
[2025-05-17 06:04:15Z INFO CredentialManager] Creating credential type: OAuth
[2025-05-17 06:04:15Z INFO RSAFileKeyManager] Loading RSA key parameters from file /projects/todolist/actions-runner/.credentials_rsaparams
[2025-05-17 06:05:06Z INFO ConfigurationStore] HasCredentials()
[2025-05-17 06:05:06Z INFO ConfigurationStore] stored True
[2025-05-17 06:05:06Z INFO CredentialManager] GetCredentialProvider
[2025-05-17 06:05:06Z INFO CredentialManager] Creating type OAuth
[2025-05-17 06:05:06Z INFO CredentialManager] Creating credential type: OAuth
[2025-05-17 06:05:06Z INFO RSAFileKeyManager] Loading RSA key parameters from file /projects/todolist/actions-runner/.credentials_rsaparams
[2025-05-17 06:05:58Z INFO ConfigurationStore] HasCredentials()
[2025-05-17 06:05:58Z INFO ConfigurationStore] stored True
[2025-05-17 06:05:58Z INFO CredentialManager] GetCredentialProvider
[2025-05-17 06:05:58Z INFO CredentialManager] Creating type OAuth
[2025-05-17 06:05:58Z INFO CredentialManager] Creating credential type: OAuth
[2025-05-17 06:05:58Z INFO RSAFileKeyManager] Loading RSA key parameters from file /projects/todolist/actions-runner/.credentials_rsaparams
[2025-05-17 06:06:49Z INFO ConfigurationStore] HasCredentials()
[2025-05-17 06:06:49Z INFO ConfigurationStore] stored True
[2025-05-17 06:06:49Z INFO CredentialManager] GetCredentialProvider
[2025-05-17 06:06:49Z INFO CredentialManager] Creating type OAuth
[2025-05-17 06:06:49Z INFO CredentialManager] Creating credential type: OAuth
[2025-05-17 06:06:49Z INFO RSAFileKeyManager] Loading RSA key parameters from file /projects/todolist/actions-runner/.credentials_rsaparams
[2025-05-17 06:07:40Z INFO ConfigurationStore] HasCredentials()
[2025-05-17 06:07:40Z INFO ConfigurationStore] stored True
[2025-05-17 06:07:40Z INFO CredentialManager] GetCredentialProvider
[2025-05-17 06:07:40Z INFO CredentialManager] Creating type OAuth
[2025-05-17 06:07:40Z INFO CredentialManager] Creating credential type: OAuth
[2025-05-17 06:07:40Z INFO RSAFileKeyManager] Loading RSA key parameters from file /projects/todolist/actions-runner/.credentials_rsaparams
[2025-05-17 06:08:31Z INFO ConfigurationStore] HasCredentials()
[2025-05-17 06:08:31Z INFO ConfigurationStore] stored True
[2025-05-17 06:08:31Z INFO CredentialManager] GetCredentialProvider
[2025-05-17 06:08:31Z INFO CredentialManager] Creating type OAuth
[2025-05-17 06:08:31Z INFO CredentialManager] Creating credential type: OAuth
[2025-05-17 06:08:31Z INFO RSAFileKeyManager] Loading RSA key parameters from file /projects/todolist/actions-runner/.credentials_rsaparams
[2025-05-17 06:09:22Z INFO ConfigurationStore] HasCredentials()
[2025-05-17 06:09:22Z INFO ConfigurationStore] stored True
[2025-05-17 06:09:22Z INFO CredentialManager] GetCredentialProvider
[2025-05-17 06:09:22Z INFO CredentialManager] Creating type OAuth
[2025-05-17 06:09:22Z INFO CredentialManager] Creating credential type: OAuth
[2025-05-17 06:09:22Z INFO RSAFileKeyManager] Loading RSA key parameters from file /projects/todolist/actions-runner/.credentials_rsaparams
[2025-05-17 06:10:14Z INFO ConfigurationStore] HasCredentials()
[2025-05-17 06:10:14Z INFO ConfigurationStore] stored True
[2025-05-17 06:10:14Z INFO CredentialManager] GetCredentialProvider
[2025-05-17 06:10:14Z INFO CredentialManager] Creating type OAuth
[2025-05-17 06:10:14Z INFO CredentialManager] Creating credential type: OAuth
[2025-05-17 06:10:14Z INFO RSAFileKeyManager] Loading RSA key parameters from file /projects/todolist/actions-runner/.credentials_rsaparams
[2025-05-17 06:11:05Z INFO ConfigurationStore] HasCredentials()
[2025-05-17 06:11:05Z INFO ConfigurationStore] stored True
[2025-05-17 06:11:05Z INFO CredentialManager] GetCredentialProvider
[2025-05-17 06:11:05Z INFO CredentialManager] Creating type OAuth
[2025-05-17 06:11:05Z INFO CredentialManager] Creating credential type: OAuth
[2025-05-17 06:11:05Z INFO RSAFileKeyManager] Loading RSA key parameters from file /projects/todolist/actions-runner/.credentials_rsaparams
[2025-05-17 06:11:56Z INFO ConfigurationStore] HasCredentials()
[2025-05-17 06:11:56Z INFO ConfigurationStore] stored True
[2025-05-17 06:11:56Z INFO CredentialManager] GetCredentialProvider
[2025-05-17 06:11:56Z INFO CredentialManager] Creating type OAuth
[2025-05-17 06:11:56Z INFO CredentialManager] Creating credential type: OAuth
[2025-05-17 06:11:56Z INFO RSAFileKeyManager] Loading RSA key parameters from file /projects/todolist/actions-runner/.credentials_rsaparams
[2025-05-17 06:12:47Z INFO ConfigurationStore] HasCredentials()
[2025-05-17 06:12:47Z INFO ConfigurationStore] stored True
[2025-05-17 06:12:47Z INFO CredentialManager] GetCredentialProvider
[2025-05-17 06:12:47Z INFO CredentialManager] Creating type OAuth
[2025-05-17 06:12:47Z INFO CredentialManager] Creating credential type: OAuth
[2025-05-17 06:12:47Z INFO RSAFileKeyManager] Loading RSA key parameters from file /projects/todolist/actions-runner/.credentials_rsaparams
[2025-05-17 06:13:38Z INFO ConfigurationStore] HasCredentials()
[2025-05-17 06:13:38Z INFO ConfigurationStore] stored True
[2025-05-17 06:13:38Z INFO CredentialManager] GetCredentialProvider
[2025-05-17 06:13:38Z INFO CredentialManager] Creating type OAuth
[2025-05-17 06:13:38Z INFO CredentialManager] Creating credential type: OAuth
[2025-05-17 06:13:38Z INFO RSAFileKeyManager] Loading RSA key parameters from file /projects/todolist/actions-runner/.credentials_rsaparams
[2025-05-17 06:14:29Z INFO ConfigurationStore] HasCredentials()
[2025-05-17 06:14:29Z INFO ConfigurationStore] stored True
[2025-05-17 06:14:29Z INFO CredentialManager] GetCredentialProvider
[2025-05-17 06:14:29Z INFO CredentialManager] Creating type OAuth
[2025-05-17 06:14:29Z INFO CredentialManager] Creating credential type: OAuth
[2025-05-17 06:14:29Z INFO RSAFileKeyManager] Loading RSA key parameters from file /projects/todolist/actions-runner/.credentials_rsaparams
[2025-05-17 06:15:20Z INFO MessageListener] No message retrieved from session 'f77491eb-72ab-43c4-9794-eeef99ccba65' within last 30 minutes.
[2025-05-17 06:15:21Z INFO ConfigurationStore] HasCredentials()
[2025-05-17 06:15:21Z INFO ConfigurationStore] stored True
[2025-05-17 06:15:21Z INFO CredentialManager] GetCredentialProvider
[2025-05-17 06:15:21Z INFO CredentialManager] Creating type OAuth
[2025-05-17 06:15:21Z INFO CredentialManager] Creating credential type: OAuth
[2025-05-17 06:15:21Z INFO RSAFileKeyManager] Loading RSA key parameters from file /projects/todolist/actions-runner/.credentials_rsaparams
[2025-05-17 06:16:12Z INFO ConfigurationStore] HasCredentials()
[2025-05-17 06:16:12Z INFO ConfigurationStore] stored True
[2025-05-17 06:16:12Z INFO CredentialManager] GetCredentialProvider
[2025-05-17 06:16:12Z INFO CredentialManager] Creating type OAuth
[2025-05-17 06:16:12Z INFO CredentialManager] Creating credential type: OAuth
[2025-05-17 06:16:12Z INFO RSAFileKeyManager] Loading RSA key parameters from file /projects/todolist/actions-runner/.credentials_rsaparams
[2025-05-17 06:17:03Z INFO ConfigurationStore] HasCredentials()
[2025-05-17 06:17:03Z INFO ConfigurationStore] stored True
[2025-05-17 06:17:03Z INFO CredentialManager] GetCredentialProvider
[2025-05-17 06:17:03Z INFO CredentialManager] Creating type OAuth
[2025-05-17 06:17:03Z INFO CredentialManager] Creating credential type: OAuth
[2025-05-17 06:17:03Z INFO RSAFileKeyManager] Loading RSA key parameters from file /projects/todolist/actions-runner/.credentials_rsaparams
[2025-05-17 06:17:54Z INFO ConfigurationStore] HasCredentials()
[2025-05-17 06:17:54Z INFO ConfigurationStore] stored True
[2025-05-17 06:17:54Z INFO CredentialManager] GetCredentialProvider
[2025-05-17 06:17:54Z INFO CredentialManager] Creating type OAuth
[2025-05-17 06:17:54Z INFO CredentialManager] Creating credential type: OAuth
[2025-05-17 06:17:54Z INFO RSAFileKeyManager] Loading RSA key parameters from file /projects/todolist/actions-runner/.credentials_rsaparams
[2025-05-17 06:18:45Z INFO ConfigurationStore] HasCredentials()
[2025-05-17 06:18:45Z INFO ConfigurationStore] stored True
[2025-05-17 06:18:45Z INFO CredentialManager] GetCredentialProvider
[2025-05-17 06:18:45Z INFO CredentialManager] Creating type OAuth
[2025-05-17 06:18:45Z INFO CredentialManager] Creating credential type: OAuth
[2025-05-17 06:18:45Z INFO RSAFileKeyManager] Loading RSA key parameters from file /projects/todolist/actions-runner/.credentials_rsaparams
[2025-05-17 06:19:36Z INFO ConfigurationStore] HasCredentials()
[2025-05-17 06:19:36Z INFO ConfigurationStore] stored True
[2025-05-17 06:19:36Z INFO CredentialManager] GetCredentialProvider
[2025-05-17 06:19:36Z INFO CredentialManager] Creating type OAuth
[2025-05-17 06:19:36Z INFO CredentialManager] Creating credential type: OAuth
[2025-05-17 06:19:36Z INFO RSAFileKeyManager] Loading RSA key parameters from file /projects/todolist/actions-runner/.credentials_rsaparams
[2025-05-17 06:20:27Z INFO ConfigurationStore] HasCredentials()
[2025-05-17 06:20:27Z INFO ConfigurationStore] stored True
[2025-05-17 06:20:27Z INFO CredentialManager] GetCredentialProvider
[2025-05-17 06:20:27Z INFO CredentialManager] Creating type OAuth
[2025-05-17 06:20:27Z INFO CredentialManager] Creating credential type: OAuth
[2025-05-17 06:20:27Z INFO RSAFileKeyManager] Loading RSA key parameters from file /projects/todolist/actions-runner/.credentials_rsaparams
[2025-05-17 06:21:19Z INFO ConfigurationStore] HasCredentials()
[2025-05-17 06:21:19Z INFO ConfigurationStore] stored True
[2025-05-17 06:21:19Z INFO CredentialManager] GetCredentialProvider
[2025-05-17 06:21:19Z INFO CredentialManager] Creating type OAuth
[2025-05-17 06:21:19Z INFO CredentialManager] Creating credential type: OAuth
[2025-05-17 06:21:19Z INFO RSAFileKeyManager] Loading RSA key parameters from file /projects/todolist/actions-runner/.credentials_rsaparams
[2025-05-17 06:22:10Z INFO ConfigurationStore] HasCredentials()
[2025-05-17 06:22:10Z INFO ConfigurationStore] stored True
[2025-05-17 06:22:10Z INFO CredentialManager] GetCredentialProvider
[2025-05-17 06:22:10Z INFO CredentialManager] Creating type OAuth
[2025-05-17 06:22:10Z INFO CredentialManager] Creating credential type: OAuth
[2025-05-17 06:22:10Z INFO RSAFileKeyManager] Loading RSA key parameters from file /projects/todolist/actions-runner/.credentials_rsaparams
[2025-05-17 06:23:01Z INFO ConfigurationStore] HasCredentials()
[2025-05-17 06:23:01Z INFO ConfigurationStore] stored True
[2025-05-17 06:23:01Z INFO CredentialManager] GetCredentialProvider
[2025-05-17 06:23:01Z INFO CredentialManager] Creating type OAuth
[2025-05-17 06:23:01Z INFO CredentialManager] Creating credential type: OAuth
[2025-05-17 06:23:01Z INFO RSAFileKeyManager] Loading RSA key parameters from file /projects/todolist/actions-runner/.credentials_rsaparams
[2025-05-17 06:23:52Z INFO ConfigurationStore] HasCredentials()
[2025-05-17 06:23:52Z INFO ConfigurationStore] stored True
[2025-05-17 06:23:52Z INFO CredentialManager] GetCredentialProvider
[2025-05-17 06:23:52Z INFO CredentialManager] Creating type OAuth
[2025-05-17 06:23:52Z INFO CredentialManager] Creating credential type: OAuth
[2025-05-17 06:23:52Z INFO RSAFileKeyManager] Loading RSA key parameters from file /projects/todolist/actions-runner/.credentials_rsaparams
[2025-05-17 06:24:43Z INFO ConfigurationStore] HasCredentials()
[2025-05-17 06:24:43Z INFO ConfigurationStore] stored True
[2025-05-17 06:24:43Z INFO CredentialManager] GetCredentialProvider
[2025-05-17 06:24:43Z INFO CredentialManager] Creating type OAuth
[2025-05-17 06:24:43Z INFO CredentialManager] Creating credential type: OAuth
[2025-05-17 06:24:43Z INFO RSAFileKeyManager] Loading RSA key parameters from file /projects/todolist/actions-runner/.credentials_rsaparams
[2025-05-17 06:25:34Z INFO ConfigurationStore] HasCredentials()
[2025-05-17 06:25:34Z INFO ConfigurationStore] stored True
[2025-05-17 06:25:34Z INFO CredentialManager] GetCredentialProvider
[2025-05-17 06:25:34Z INFO CredentialManager] Creating type OAuth
[2025-05-17 06:25:34Z INFO CredentialManager] Creating credential type: OAuth
[2025-05-17 06:25:34Z INFO RSAFileKeyManager] Loading RSA key parameters from file /projects/todolist/actions-runner/.credentials_rsaparams
[2025-05-17 06:26:26Z INFO ConfigurationStore] HasCredentials()
[2025-05-17 06:26:26Z INFO ConfigurationStore] stored True
[2025-05-17 06:26:26Z INFO CredentialManager] GetCredentialProvider
[2025-05-17 06:26:26Z INFO CredentialManager] Creating type OAuth
[2025-05-17 06:26:26Z INFO CredentialManager] Creating credential type: OAuth
[2025-05-17 06:26:26Z INFO RSAFileKeyManager] Loading RSA key parameters from file /projects/todolist/actions-runner/.credentials_rsaparams
[2025-05-17 06:27:17Z INFO ConfigurationStore] HasCredentials()
[2025-05-17 06:27:17Z INFO ConfigurationStore] stored True
[2025-05-17 06:27:17Z INFO CredentialManager] GetCredentialProvider
[2025-05-17 06:27:17Z INFO CredentialManager] Creating type OAuth
[2025-05-17 06:27:17Z INFO CredentialManager] Creating credential type: OAuth
[2025-05-17 06:27:17Z INFO RSAFileKeyManager] Loading RSA key parameters from file /projects/todolist/actions-runner/.credentials_rsaparams
[2025-05-17 06:28:08Z INFO ConfigurationStore] HasCredentials()
[2025-05-17 06:28:08Z INFO ConfigurationStore] stored True
[2025-05-17 06:28:08Z INFO CredentialManager] GetCredentialProvider
[2025-05-17 06:28:08Z INFO CredentialManager] Creating type OAuth
[2025-05-17 06:28:08Z INFO CredentialManager] Creating credential type: OAuth
[2025-05-17 06:28:08Z INFO RSAFileKeyManager] Loading RSA key parameters from file /projects/todolist/actions-runner/.credentials_rsaparams
[2025-05-17 06:28:59Z INFO ConfigurationStore] HasCredentials()
[2025-05-17 06:28:59Z INFO ConfigurationStore] stored True
[2025-05-17 06:28:59Z INFO CredentialManager] GetCredentialProvider
[2025-05-17 06:28:59Z INFO CredentialManager] Creating type OAuth
[2025-05-17 06:28:59Z INFO CredentialManager] Creating credential type: OAuth
[2025-05-17 06:28:59Z INFO RSAFileKeyManager] Loading RSA key parameters from file /projects/todolist/actions-runner/.credentials_rsaparams
[2025-05-17 06:29:50Z INFO ConfigurationStore] HasCredentials()
[2025-05-17 06:29:50Z INFO ConfigurationStore] stored True
[2025-05-17 06:29:50Z INFO CredentialManager] GetCredentialProvider
[2025-05-17 06:29:50Z INFO CredentialManager] Creating type OAuth
[2025-05-17 06:29:50Z INFO CredentialManager] Creating credential type: OAuth
[2025-05-17 06:29:50Z INFO RSAFileKeyManager] Loading RSA key parameters from file /projects/todolist/actions-runner/.credentials_rsaparams
[2025-05-17 06:30:41Z INFO ConfigurationStore] HasCredentials()
[2025-05-17 06:30:41Z INFO ConfigurationStore] stored True
[2025-05-17 06:30:41Z INFO CredentialManager] GetCredentialProvider
[2025-05-17 06:30:41Z INFO CredentialManager] Creating type OAuth
[2025-05-17 06:30:41Z INFO CredentialManager] Creating credential type: OAuth
[2025-05-17 06:30:41Z INFO RSAFileKeyManager] Loading RSA key parameters from file /projects/todolist/actions-runner/.credentials_rsaparams
[2025-05-17 06:31:33Z INFO ConfigurationStore] HasCredentials()
[2025-05-17 06:31:33Z INFO ConfigurationStore] stored True
[2025-05-17 06:31:33Z INFO CredentialManager] GetCredentialProvider
[2025-05-17 06:31:33Z INFO CredentialManager] Creating type OAuth
[2025-05-17 06:31:33Z INFO CredentialManager] Creating credential type: OAuth
[2025-05-17 06:31:33Z INFO RSAFileKeyManager] Loading RSA key parameters from file /projects/todolist/actions-runner/.credentials_rsaparams
[2025-05-17 06:32:24Z INFO ConfigurationStore] HasCredentials()
[2025-05-17 06:32:24Z INFO ConfigurationStore] stored True
[2025-05-17 06:32:24Z INFO CredentialManager] GetCredentialProvider
[2025-05-17 06:32:24Z INFO CredentialManager] Creating type OAuth
[2025-05-17 06:32:24Z INFO CredentialManager] Creating credential type: OAuth
[2025-05-17 06:32:24Z INFO RSAFileKeyManager] Loading RSA key parameters from file /projects/todolist/actions-runner/.credentials_rsaparams
[2025-05-17 06:33:15Z INFO ConfigurationStore] HasCredentials()
[2025-05-17 06:33:15Z INFO ConfigurationStore] stored True
[2025-05-17 06:33:15Z INFO CredentialManager] GetCredentialProvider
[2025-05-17 06:33:15Z INFO CredentialManager] Creating type OAuth
[2025-05-17 06:33:15Z INFO CredentialManager] Creating credential type: OAuth
[2025-05-17 06:33:15Z INFO RSAFileKeyManager] Loading RSA key parameters from file /projects/todolist/actions-runner/.credentials_rsaparams
[2025-05-17 06:34:06Z INFO ConfigurationStore] HasCredentials()
[2025-05-17 06:34:06Z INFO ConfigurationStore] stored True
[2025-05-17 06:34:06Z INFO CredentialManager] GetCredentialProvider
[2025-05-17 06:34:06Z INFO CredentialManager] Creating type OAuth
[2025-05-17 06:34:06Z INFO CredentialManager] Creating credential type: OAuth
[2025-05-17 06:34:06Z INFO RSAFileKeyManager] Loading RSA key parameters from file /projects/todolist/actions-runner/.credentials_rsaparams
[2025-05-17 06:34:57Z INFO ConfigurationStore] HasCredentials()
[2025-05-17 06:34:57Z INFO ConfigurationStore] stored True
[2025-05-17 06:34:57Z INFO CredentialManager] GetCredentialProvider
[2025-05-17 06:34:57Z INFO CredentialManager] Creating type OAuth
[2025-05-17 06:34:57Z INFO CredentialManager] Creating credential type: OAuth
[2025-05-17 06:34:57Z INFO RSAFileKeyManager] Loading RSA key parameters from file /projects/todolist/actions-runner/.credentials_rsaparams
[2025-05-17 06:34:58Z INFO RSAFileKeyManager] Loading RSA key parameters from file /projects/todolist/actions-runner/.credentials_rsaparams
[2025-05-17 06:34:59Z INFO GitHubActionsService] AAD Correlation ID for this token request: Unknown
[2025-05-17 06:35:50Z INFO ConfigurationStore] HasCredentials()
[2025-05-17 06:35:50Z INFO ConfigurationStore] stored True
[2025-05-17 06:35:50Z INFO CredentialManager] GetCredentialProvider
[2025-05-17 06:35:50Z INFO CredentialManager] Creating type OAuth
[2025-05-17 06:35:50Z INFO CredentialManager] Creating credential type: OAuth
[2025-05-17 06:35:50Z INFO RSAFileKeyManager] Loading RSA key parameters from file /projects/todolist/actions-runner/.credentials_rsaparams
[2025-05-17 06:36:41Z INFO ConfigurationStore] HasCredentials()
[2025-05-17 06:36:41Z INFO ConfigurationStore] stored True
[2025-05-17 06:36:41Z INFO CredentialManager] GetCredentialProvider
[2025-05-17 06:36:41Z INFO CredentialManager] Creating type OAuth
[2025-05-17 06:36:41Z INFO CredentialManager] Creating credential type: OAuth
[2025-05-17 06:36:41Z INFO RSAFileKeyManager] Loading RSA key parameters from file /projects/todolist/actions-runner/.credentials_rsaparams
[2025-05-17 06:37:32Z INFO ConfigurationStore] HasCredentials()
[2025-05-17 06:37:32Z INFO ConfigurationStore] stored True
[2025-05-17 06:37:32Z INFO CredentialManager] GetCredentialProvider
[2025-05-17 06:37:32Z INFO CredentialManager] Creating type OAuth
[2025-05-17 06:37:32Z INFO CredentialManager] Creating credential type: OAuth
[2025-05-17 06:37:32Z INFO RSAFileKeyManager] Loading RSA key parameters from file /projects/todolist/actions-runner/.credentials_rsaparams
[2025-05-17 06:38:24Z INFO ConfigurationStore] HasCredentials()
[2025-05-17 06:38:24Z INFO ConfigurationStore] stored True
[2025-05-17 06:38:24Z INFO CredentialManager] GetCredentialProvider
[2025-05-17 06:38:24Z INFO CredentialManager] Creating type OAuth
[2025-05-17 06:38:24Z INFO CredentialManager] Creating credential type: OAuth
[2025-05-17 06:38:24Z INFO RSAFileKeyManager] Loading RSA key parameters from file /projects/todolist/actions-runner/.credentials_rsaparams
[2025-05-17 06:39:15Z INFO ConfigurationStore] HasCredentials()
[2025-05-17 06:39:15Z INFO ConfigurationStore] stored True
[2025-05-17 06:39:15Z INFO CredentialManager] GetCredentialProvider
[2025-05-17 06:39:15Z INFO CredentialManager] Creating type OAuth
[2025-05-17 06:39:15Z INFO CredentialManager] Creating credential type: OAuth
[2025-05-17 06:39:15Z INFO RSAFileKeyManager] Loading RSA key parameters from file /projects/todolist/actions-runner/.credentials_rsaparams
[2025-05-17 06:40:06Z INFO RSAFileKeyManager] Loading RSA key parameters from file /projects/todolist/actions-runner/.credentials_rsaparams
[2025-05-17 06:40:07Z INFO GitHubActionsService] AAD Correlation ID for this token request: Unknown
[2025-05-17 06:40:08Z INFO ConfigurationStore] HasCredentials()
[2025-05-17 06:40:08Z INFO ConfigurationStore] stored True
[2025-05-17 06:40:08Z INFO CredentialManager] GetCredentialProvider
[2025-05-17 06:40:08Z INFO CredentialManager] Creating type OAuth
[2025-05-17 06:40:08Z INFO CredentialManager] Creating credential type: OAuth
[2025-05-17 06:40:08Z INFO RSAFileKeyManager] Loading RSA key parameters from file /projects/todolist/actions-runner/.credentials_rsaparams
[2025-05-17 06:40:59Z INFO ConfigurationStore] HasCredentials()
[2025-05-17 06:40:59Z INFO ConfigurationStore] stored True
[2025-05-17 06:40:59Z INFO CredentialManager] GetCredentialProvider
[2025-05-17 06:40:59Z INFO CredentialManager] Creating type OAuth
[2025-05-17 06:40:59Z INFO CredentialManager] Creating credential type: OAuth
[2025-05-17 06:40:59Z INFO RSAFileKeyManager] Loading RSA key parameters from file /projects/todolist/actions-runner/.credentials_rsaparams
[2025-05-17 06:41:50Z INFO ConfigurationStore] HasCredentials()
[2025-05-17 06:41:50Z INFO ConfigurationStore] stored True
[2025-05-17 06:41:50Z INFO CredentialManager] GetCredentialProvider
[2025-05-17 06:41:50Z INFO CredentialManager] Creating type OAuth
[2025-05-17 06:41:50Z INFO CredentialManager] Creating credential type: OAuth
[2025-05-17 06:41:50Z INFO RSAFileKeyManager] Loading RSA key parameters from file /projects/todolist/actions-runner/.credentials_rsaparams
[2025-05-17 06:42:41Z INFO ConfigurationStore] HasCredentials()
[2025-05-17 06:42:41Z INFO ConfigurationStore] stored True
[2025-05-17 06:42:41Z INFO CredentialManager] GetCredentialProvider
[2025-05-17 06:42:41Z INFO CredentialManager] Creating type OAuth
[2025-05-17 06:42:41Z INFO CredentialManager] Creating credential type: OAuth
[2025-05-17 06:42:41Z INFO RSAFileKeyManager] Loading RSA key parameters from file /projects/todolist/actions-runner/.credentials_rsaparams
[2025-05-17 06:43:32Z INFO ConfigurationStore] HasCredentials()
[2025-05-17 06:43:32Z INFO ConfigurationStore] stored True
[2025-05-17 06:43:32Z INFO CredentialManager] GetCredentialProvider
[2025-05-17 06:43:32Z INFO CredentialManager] Creating type OAuth
[2025-05-17 06:43:32Z INFO CredentialManager] Creating credential type: OAuth
[2025-05-17 06:43:32Z INFO RSAFileKeyManager] Loading RSA key parameters from file /projects/todolist/actions-runner/.credentials_rsaparams
[2025-05-17 06:44:23Z INFO ConfigurationStore] HasCredentials()
[2025-05-17 06:44:23Z INFO ConfigurationStore] stored True
[2025-05-17 06:44:23Z INFO CredentialManager] GetCredentialProvider
[2025-05-17 06:44:23Z INFO CredentialManager] Creating type OAuth
[2025-05-17 06:44:23Z INFO CredentialManager] Creating credential type: OAuth
[2025-05-17 06:44:23Z INFO RSAFileKeyManager] Loading RSA key parameters from file /projects/todolist/actions-runner/.credentials_rsaparams
[2025-05-17 06:45:15Z INFO ConfigurationStore] HasCredentials()
[2025-05-17 06:45:15Z INFO ConfigurationStore] stored True
[2025-05-17 06:45:15Z INFO CredentialManager] GetCredentialProvider
[2025-05-17 06:45:15Z INFO CredentialManager] Creating type OAuth
[2025-05-17 06:45:15Z INFO CredentialManager] Creating credential type: OAuth
[2025-05-17 06:45:15Z INFO RSAFileKeyManager] Loading RSA key parameters from file /projects/todolist/actions-runner/.credentials_rsaparams
[2025-05-17 06:46:05Z INFO MessageListener] No message retrieved from session 'f77491eb-72ab-43c4-9794-eeef99ccba65' within last 30 minutes.
[2025-05-17 06:46:06Z INFO ConfigurationStore] HasCredentials()
[2025-05-17 06:46:06Z INFO ConfigurationStore] stored True
[2025-05-17 06:46:06Z INFO CredentialManager] GetCredentialProvider
[2025-05-17 06:46:06Z INFO CredentialManager] Creating type OAuth
[2025-05-17 06:46:06Z INFO CredentialManager] Creating credential type: OAuth
[2025-05-17 06:46:06Z INFO RSAFileKeyManager] Loading RSA key parameters from file /projects/todolist/actions-runner/.credentials_rsaparams
[2025-05-17 06:46:57Z INFO ConfigurationStore] HasCredentials()
[2025-05-17 06:46:57Z INFO ConfigurationStore] stored True
[2025-05-17 06:46:57Z INFO CredentialManager] GetCredentialProvider
[2025-05-17 06:46:57Z INFO CredentialManager] Creating type OAuth
[2025-05-17 06:46:57Z INFO CredentialManager] Creating credential type: OAuth
[2025-05-17 06:46:57Z INFO RSAFileKeyManager] Loading RSA key parameters from file /projects/todolist/actions-runner/.credentials_rsaparams
[2025-05-17 06:47:48Z INFO ConfigurationStore] HasCredentials()
[2025-05-17 06:47:48Z INFO ConfigurationStore] stored True
[2025-05-17 06:47:48Z INFO CredentialManager] GetCredentialProvider
[2025-05-17 06:47:48Z INFO CredentialManager] Creating type OAuth
[2025-05-17 06:47:48Z INFO CredentialManager] Creating credential type: OAuth
[2025-05-17 06:47:48Z INFO RSAFileKeyManager] Loading RSA key parameters from file /projects/todolist/actions-runner/.credentials_rsaparams
[2025-05-17 06:48:39Z INFO ConfigurationStore] HasCredentials()
[2025-05-17 06:48:39Z INFO ConfigurationStore] stored True
[2025-05-17 06:48:39Z INFO CredentialManager] GetCredentialProvider
[2025-05-17 06:48:39Z INFO CredentialManager] Creating type OAuth
[2025-05-17 06:48:39Z INFO CredentialManager] Creating credential type: OAuth
[2025-05-17 06:48:39Z INFO RSAFileKeyManager] Loading RSA key parameters from file /projects/todolist/actions-runner/.credentials_rsaparams
[2025-05-17 06:49:30Z INFO ConfigurationStore] HasCredentials()
[2025-05-17 06:49:30Z INFO ConfigurationStore] stored True
[2025-05-17 06:49:30Z INFO CredentialManager] GetCredentialProvider
[2025-05-17 06:49:30Z INFO CredentialManager] Creating type OAuth
[2025-05-17 06:49:30Z INFO CredentialManager] Creating credential type: OAuth
[2025-05-17 06:49:30Z INFO RSAFileKeyManager] Loading RSA key parameters from file /projects/todolist/actions-runner/.credentials_rsaparams
[2025-05-17 06:50:21Z INFO ConfigurationStore] HasCredentials()
[2025-05-17 06:50:21Z INFO ConfigurationStore] stored True
[2025-05-17 06:50:21Z INFO CredentialManager] GetCredentialProvider
[2025-05-17 06:50:21Z INFO CredentialManager] Creating type OAuth
[2025-05-17 06:50:21Z INFO CredentialManager] Creating credential type: OAuth
[2025-05-17 06:50:21Z INFO RSAFileKeyManager] Loading RSA key parameters from file /projects/todolist/actions-runner/.credentials_rsaparams
[2025-05-17 06:51:13Z INFO ConfigurationStore] HasCredentials()
[2025-05-17 06:51:13Z INFO ConfigurationStore] stored True
[2025-05-17 06:51:13Z INFO CredentialManager] GetCredentialProvider
[2025-05-17 06:51:13Z INFO CredentialManager] Creating type OAuth
[2025-05-17 06:51:13Z INFO CredentialManager] Creating credential type: OAuth
[2025-05-17 06:51:13Z INFO RSAFileKeyManager] Loading RSA key parameters from file /projects/todolist/actions-runner/.credentials_rsaparams
[2025-05-17 06:52:04Z INFO ConfigurationStore] HasCredentials()
[2025-05-17 06:52:04Z INFO ConfigurationStore] stored True
[2025-05-17 06:52:04Z INFO CredentialManager] GetCredentialProvider
[2025-05-17 06:52:04Z INFO CredentialManager] Creating type OAuth
[2025-05-17 06:52:04Z INFO CredentialManager] Creating credential type: OAuth
[2025-05-17 06:52:04Z INFO RSAFileKeyManager] Loading RSA key parameters from file /projects/todolist/actions-runner/.credentials_rsaparams
[2025-05-17 06:52:55Z INFO ConfigurationStore] HasCredentials()
[2025-05-17 06:52:55Z INFO ConfigurationStore] stored True
[2025-05-17 06:52:55Z INFO CredentialManager] GetCredentialProvider
[2025-05-17 06:52:55Z INFO CredentialManager] Creating type OAuth
[2025-05-17 06:52:55Z INFO CredentialManager] Creating credential type: OAuth
[2025-05-17 06:52:55Z INFO RSAFileKeyManager] Loading RSA key parameters from file /projects/todolist/actions-runner/.credentials_rsaparams
[2025-05-17 06:53:46Z INFO ConfigurationStore] HasCredentials()
[2025-05-17 06:53:46Z INFO ConfigurationStore] stored True
[2025-05-17 06:53:46Z INFO CredentialManager] GetCredentialProvider
[2025-05-17 06:53:46Z INFO CredentialManager] Creating type OAuth
[2025-05-17 06:53:46Z INFO CredentialManager] Creating credential type: OAuth
[2025-05-17 06:53:46Z INFO RSAFileKeyManager] Loading RSA key parameters from file /projects/todolist/actions-runner/.credentials_rsaparams
[2025-05-17 06:54:37Z INFO ConfigurationStore] HasCredentials()
[2025-05-17 06:54:37Z INFO ConfigurationStore] stored True
[2025-05-17 06:54:37Z INFO CredentialManager] GetCredentialProvider
[2025-05-17 06:54:37Z INFO CredentialManager] Creating type OAuth
[2025-05-17 06:54:37Z INFO CredentialManager] Creating credential type: OAuth
[2025-05-17 06:54:37Z INFO RSAFileKeyManager] Loading RSA key parameters from file /projects/todolist/actions-runner/.credentials_rsaparams
[2025-05-17 06:55:28Z INFO ConfigurationStore] HasCredentials()
[2025-05-17 06:55:28Z INFO ConfigurationStore] stored True
[2025-05-17 06:55:28Z INFO CredentialManager] GetCredentialProvider
[2025-05-17 06:55:28Z INFO CredentialManager] Creating type OAuth
[2025-05-17 06:55:28Z INFO CredentialManager] Creating credential type: OAuth
[2025-05-17 06:55:28Z INFO RSAFileKeyManager] Loading RSA key parameters from file /projects/todolist/actions-runner/.credentials_rsaparams
[2025-05-17 06:56:20Z INFO ConfigurationStore] HasCredentials()
[2025-05-17 06:56:20Z INFO ConfigurationStore] stored True
[2025-05-17 06:56:20Z INFO CredentialManager] GetCredentialProvider
[2025-05-17 06:56:20Z INFO CredentialManager] Creating type OAuth
[2025-05-17 06:56:20Z INFO CredentialManager] Creating credential type: OAuth
[2025-05-17 06:56:20Z INFO RSAFileKeyManager] Loading RSA key parameters from file /projects/todolist/actions-runner/.credentials_rsaparams
[2025-05-17 06:57:11Z INFO ConfigurationStore] HasCredentials()
[2025-05-17 06:57:11Z INFO ConfigurationStore] stored True
[2025-05-17 06:57:11Z INFO CredentialManager] GetCredentialProvider
[2025-05-17 06:57:11Z INFO CredentialManager] Creating type OAuth
[2025-05-17 06:57:11Z INFO CredentialManager] Creating credential type: OAuth
[2025-05-17 06:57:11Z INFO RSAFileKeyManager] Loading RSA key parameters from file /projects/todolist/actions-runner/.credentials_rsaparams
[2025-05-17 06:58:02Z INFO ConfigurationStore] HasCredentials()
[2025-05-17 06:58:02Z INFO ConfigurationStore] stored True
[2025-05-17 06:58:02Z INFO CredentialManager] GetCredentialProvider
[2025-05-17 06:58:02Z INFO CredentialManager] Creating type OAuth
[2025-05-17 06:58:02Z INFO CredentialManager] Creating credential type: OAuth
[2025-05-17 06:58:02Z INFO RSAFileKeyManager] Loading RSA key parameters from file /projects/todolist/actions-runner/.credentials_rsaparams
[2025-05-17 06:58:53Z INFO ConfigurationStore] HasCredentials()
[2025-05-17 06:58:53Z INFO ConfigurationStore] stored True
[2025-05-17 06:58:53Z INFO CredentialManager] GetCredentialProvider
[2025-05-17 06:58:53Z INFO CredentialManager] Creating type OAuth
[2025-05-17 06:58:53Z INFO CredentialManager] Creating credential type: OAuth
[2025-05-17 06:58:53Z INFO RSAFileKeyManager] Loading RSA key parameters from file /projects/todolist/actions-runner/.credentials_rsaparams
[2025-05-17 06:59:44Z INFO ConfigurationStore] HasCredentials()
[2025-05-17 06:59:44Z INFO ConfigurationStore] stored True
[2025-05-17 06:59:44Z INFO CredentialManager] GetCredentialProvider
[2025-05-17 06:59:44Z INFO CredentialManager] Creating type OAuth
[2025-05-17 06:59:44Z INFO CredentialManager] Creating credential type: OAuth
[2025-05-17 06:59:44Z INFO RSAFileKeyManager] Loading RSA key parameters from file /projects/todolist/actions-runner/.credentials_rsaparams
[2025-05-17 07:00:35Z INFO ConfigurationStore] HasCredentials()
[2025-05-17 07:00:35Z INFO ConfigurationStore] stored True
[2025-05-17 07:00:35Z INFO CredentialManager] GetCredentialProvider
[2025-05-17 07:00:35Z INFO CredentialManager] Creating type OAuth
[2025-05-17 07:00:35Z INFO CredentialManager] Creating credential type: OAuth
[2025-05-17 07:00:35Z INFO RSAFileKeyManager] Loading RSA key parameters from file /projects/todolist/actions-runner/.credentials_rsaparams
[2025-05-17 07:01:26Z INFO ConfigurationStore] HasCredentials()
[2025-05-17 07:01:26Z INFO ConfigurationStore] stored True
[2025-05-17 07:01:26Z INFO CredentialManager] GetCredentialProvider
[2025-05-17 07:01:26Z INFO CredentialManager] Creating type OAuth
[2025-05-17 07:01:26Z INFO CredentialManager] Creating credential type: OAuth
[2025-05-17 07:01:26Z INFO RSAFileKeyManager] Loading RSA key parameters from file /projects/todolist/actions-runner/.credentials_rsaparams
[2025-05-17 07:02:18Z INFO ConfigurationStore] HasCredentials()
[2025-05-17 07:02:18Z INFO ConfigurationStore] stored True
[2025-05-17 07:02:18Z INFO CredentialManager] GetCredentialProvider
[2025-05-17 07:02:18Z INFO CredentialManager] Creating type OAuth
[2025-05-17 07:02:18Z INFO CredentialManager] Creating credential type: OAuth
[2025-05-17 07:02:18Z INFO RSAFileKeyManager] Loading RSA key parameters from file /projects/todolist/actions-runner/.credentials_rsaparams
[2025-05-17 07:03:09Z INFO ConfigurationStore] HasCredentials()
[2025-05-17 07:03:09Z INFO ConfigurationStore] stored True
[2025-05-17 07:03:09Z INFO CredentialManager] GetCredentialProvider
[2025-05-17 07:03:09Z INFO CredentialManager] Creating type OAuth
[2025-05-17 07:03:09Z INFO CredentialManager] Creating credential type: OAuth
[2025-05-17 07:03:09Z INFO RSAFileKeyManager] Loading RSA key parameters from file /projects/todolist/actions-runner/.credentials_rsaparams
[2025-05-17 07:04:00Z INFO ConfigurationStore] HasCredentials()
[2025-05-17 07:04:00Z INFO ConfigurationStore] stored True
[2025-05-17 07:04:00Z INFO CredentialManager] GetCredentialProvider
[2025-05-17 07:04:00Z INFO CredentialManager] Creating type OAuth
[2025-05-17 07:04:00Z INFO CredentialManager] Creating credential type: OAuth
[2025-05-17 07:04:00Z INFO RSAFileKeyManager] Loading RSA key parameters from file /projects/todolist/actions-runner/.credentials_rsaparams
[2025-05-17 07:04:51Z INFO ConfigurationStore] HasCredentials()
[2025-05-17 07:04:51Z INFO ConfigurationStore] stored True
[2025-05-17 07:04:51Z INFO CredentialManager] GetCredentialProvider
[2025-05-17 07:04:51Z INFO CredentialManager] Creating type OAuth
[2025-05-17 07:04:51Z INFO CredentialManager] Creating credential type: OAuth
[2025-05-17 07:04:51Z INFO RSAFileKeyManager] Loading RSA key parameters from file /projects/todolist/actions-runner/.credentials_rsaparams
